# JRE version: OpenJDK Runtime Environment (17.0.6) (build 17.0.6+0-b2043.56-10027231)
# Java VM: OpenJDK 64-Bit Server VM (17.0.6+0-b2043.56-10027231, mixed mode, tiered, compressed oops, compressed class ptrs, g1 gc, windows-amd64)
GC Precious Log:
 CPUs: 8 total, 8 available
 Memory: 16124M
 Large Page Support: Disabled
 NUMA Support: Disabled
 Compressed Oops: Enabled (32-bit)
 Heap Region Size: 1M
 Heap Min Capacity: 8M
 Heap Initial Capacity: 252M
 Heap Max Capacity: 2G
 Pre-touch: Disabled
 Parallel Workers: 8
 Concurrent Workers: 2
 Concurrent Refinement Workers: 8
 Periodic GC: Disabled
Heap:
 garbage-first heap   total 264192K, used 148144K [0x0000000080000000, 0x0000000100000000)
  region size 1024K, 9 young (9216K), 2 survivors (2048K)
 Metaspace       used 146232K, committed 147328K, reserved 1179648K
  class space    used 20440K, committed 20928K, reserved 1048576K
GC Heap History (20 events):
Event: 6542.133 GC heap before
{Heap before GC invocations=47 (full 0):
 garbage-first heap   total 264192K, used 222529K [0x0000000080000000, 0x0000000100000000)
  region size 1024K, 101 young (103424K), 2 survivors (2048K)
 Metaspace       used 136720K, committed 137728K, reserved 1171456K
  class space    used 18776K, committed 19264K, reserved 1048576K
}
Event: 6542.142 GC heap after
{Heap after GC invocations=48 (full 0):
 garbage-first heap   total 264192K, used 111987K [0x0000000080000000, 0x0000000100000000)
  region size 1024K, 5 young (5120K), 5 survivors (5120K)
 Metaspace       used 136720K, committed 137728K, reserved 1171456K
  class space    used 18776K, committed 19264K, reserved 1048576K
}
Event: 6849.513 GC heap before
{Heap before GC invocations=49 (full 0):
 garbage-first heap   total 264192K, used 214387K [0x0000000080000000, 0x0000000100000000)
  region size 1024K, 104 young (106496K), 5 survivors (5120K)
 Metaspace       used 137054K, committed 138048K, reserved 1171456K
  class space    used 18794K, committed 19264K, reserved 1048576K
}
Event: 6849.528 GC heap after
{Heap after GC invocations=50 (full 0):
 garbage-first heap   total 264192K, used 123094K [0x0000000080000000, 0x0000000100000000)
  region size 1024K, 13 young (13312K), 13 survivors (13312K)
 Metaspace       used 137054K, committed 138048K, reserved 1171456K
  class space    used 18794K, committed 19264K, reserved 1048576K
}
Event: 6849.533 GC heap before
{Heap before GC invocations=50 (full 0):
 garbage-first heap   total 264192K, used 124118K [0x0000000080000000, 0x0000000100000000)
  region size 1024K, 14 young (14336K), 13 survivors (13312K)
 Metaspace       used 137054K, committed 138048K, reserved 1171456K
  class space    used 18794K, committed 19264K, reserved 1048576K
}
Event: 6849.561 GC heap after
{Heap after GC invocations=51 (full 0):
 garbage-first heap   total 264192K, used 118476K [0x0000000080000000, 0x0000000100000000)
  region size 1024K, 2 young (2048K), 2 survivors (2048K)
 Metaspace       used 137054K, committed 138048K, reserved 1171456K
  class space    used 18794K, committed 19264K, reserved 1048576K
}
Event: 6849.727 GC heap before
{Heap before GC invocations=51 (full 0):
 garbage-first heap   total 264192K, used 143052K [0x0000000080000000, 0x0000000100000000)
  region size 1024K, 27 young (27648K), 2 survivors (2048K)
 Metaspace       used 137089K, committed 138048K, reserved 1171456K
  class space    used 18796K, committed 19264K, reserved 1048576K
}
Event: 6849.738 GC heap after
{Heap after GC invocations=52 (full 0):
 garbage-first heap   total 264192K, used 131072K [0x0000000080000000, 0x0000000100000000)
  region size 1024K, 12 young (12288K), 12 survivors (12288K)
 Metaspace       used 137089K, committed 138048K, reserved 1171456K
  class space    used 18796K, committed 19264K, reserved 1048576K
}
Event: 6851.486 GC heap before
{Heap before GC invocations=53 (full 0):
 garbage-first heap   total 264192K, used 200704K [0x0000000080000000, 0x0000000100000000)
  region size 1024K, 64 young (65536K), 12 survivors (12288K)
 Metaspace       used 137212K, committed 138176K, reserved 1171456K
  class space    used 18800K, committed 19264K, reserved 1048576K
}
Event: 6851.497 GC heap after
{Heap after GC invocations=54 (full 0):
 garbage-first heap   total 264192K, used 131001K [0x0000000080000000, 0x0000000100000000)
  region size 1024K, 5 young (5120K), 5 survivors (5120K)
 Metaspace       used 137212K, committed 138176K, reserved 1171456K
  class space    used 18800K, committed 19264K, reserved 1048576K
}
Event: 6851.614 GC heap before
{Heap before GC invocations=54 (full 0):
 garbage-first heap   total 264192K, used 137145K [0x0000000080000000, 0x0000000100000000)
  region size 1024K, 12 young (12288K), 5 survivors (5120K)
 Metaspace       used 137256K, committed 138240K, reserved 1171456K
  class space    used 18801K, committed 19264K, reserved 1048576K
}
Event: 6851.634 GC heap after
{Heap after GC invocations=55 (full 0):
 garbage-first heap   total 264192K, used 118803K [0x0000000080000000, 0x0000000100000000)
  region size 1024K, 2 young (2048K), 2 survivors (2048K)
 Metaspace       used 137256K, committed 138240K, reserved 1171456K
  class space    used 18801K, committed 19264K, reserved 1048576K
}
Event: 6851.642 GC heap before
{Heap before GC invocations=55 (full 0):
 garbage-first heap   total 264192K, used 118803K [0x0000000080000000, 0x0000000100000000)
  region size 1024K, 4 young (4096K), 2 survivors (2048K)
 Metaspace       used 137258K, committed 138240K, reserved 1171456K
  class space    used 18801K, committed 19264K, reserved 1048576K
}
Event: 6851.646 GC heap after
{Heap after GC invocations=56 (full 0):
 garbage-first heap   total 264192K, used 118305K [0x0000000080000000, 0x0000000100000000)
  region size 1024K, 1 young (1024K), 1 survivors (1024K)
 Metaspace       used 137258K, committed 138240K, reserved 1171456K
  class space    used 18801K, committed 19264K, reserved 1048576K
}
Event: 8850.619 GC heap before
{Heap before GC invocations=57 (full 0):
 garbage-first heap   total 264192K, used 221729K [0x0000000080000000, 0x0000000100000000)
  region size 1024K, 73 young (74752K), 1 survivors (1024K)
 Metaspace       used 138740K, committed 139712K, reserved 1171456K
  class space    used 19045K, committed 19520K, reserved 1048576K
}
Event: 8850.632 GC heap after
{Heap after GC invocations=58 (full 0):
 garbage-first heap   total 264192K, used 145528K [0x0000000080000000, 0x0000000100000000)
  region size 1024K, 9 young (9216K), 9 survivors (9216K)
 Metaspace       used 138740K, committed 139712K, reserved 1171456K
  class space    used 19045K, committed 19520K, reserved 1048576K
}
Event: 8850.689 GC heap before
{Heap before GC invocations=58 (full 0):
 garbage-first heap   total 264192K, used 148600K [0x0000000080000000, 0x0000000100000000)
  region size 1024K, 12 young (12288K), 9 survivors (9216K)
 Metaspace       used 138870K, committed 139968K, reserved 1171456K
  class space    used 19063K, committed 19584K, reserved 1048576K
}
Event: 8850.707 GC heap after
{Heap after GC invocations=59 (full 0):
 garbage-first heap   total 264192K, used 136773K [0x0000000080000000, 0x0000000100000000)
  region size 1024K, 1 young (1024K), 1 survivors (1024K)
 Metaspace       used 138870K, committed 139968K, reserved 1171456K
  class space    used 19063K, committed 19584K, reserved 1048576K
}
Event: 8851.537 GC heap before
{Heap before GC invocations=59 (full 0):
 garbage-first heap   total 264192K, used 181829K [0x0000000080000000, 0x0000000100000000)
  region size 1024K, 46 young (47104K), 1 survivors (1024K)
 Metaspace       used 146098K, committed 147200K, reserved 1179648K
  class space    used 20429K, committed 20928K, reserved 1048576K
}
Event: 8851.542 GC heap after
{Heap after GC invocations=60 (full 0):
 garbage-first heap   total 264192K, used 137904K [0x0000000080000000, 0x0000000100000000)
  region size 1024K, 2 young (2048K), 2 survivors (2048K)
 Metaspace       used 146098K, committed 147200K, reserved 1179648K
  class space    used 20429K, committed 20928K, reserved 1048576K
}

